<?xml version="1.0" encoding="UTF-8"?>
<!-- Generated by org.testng.reporters.JUnitReportReporter -->
<testsuite skipped="0" hostname="mindc1d221" name="com.mindtree.runner.TC_2" tests="1" failures="0" timestamp="2022-05-21T16:37:42 IST" time="11.471" errors="0">
  <testcase name="AlreadyTakenEmail" time="11.471" classname="com.mindtree.runner.TC_2"/>
  <system-out/>
</testsuite> <!-- com.mindtree.runner.TC_2 -->
