<?xml version="1.0" encoding="UTF-8"?>
<!-- Generated by org.testng.reporters.JUnitReportReporter -->
<testsuite skipped="0" hostname="mindc1d221" name="com.mindtree.runner.TC_1" tests="1" failures="0" timestamp="2022-05-21T15:21:51 IST" time="4.237" errors="0">
  <testcase name="verifyTitle" time="4.237" classname="com.mindtree.runner.TC_1"/>
  <system-out/>
</testsuite> <!-- com.mindtree.runner.TC_1 -->
