<?xml version="1.0" encoding="UTF-8"?>
<!-- Generated by org.testng.reporters.JUnitReportReporter -->
<testsuite skipped="0" hostname="mindc1d221" name="com.mindtree.runner.TC_4" tests="1" failures="0" timestamp="2022-05-22T06:39:44 IST" time="13.402" errors="0">
  <testcase name="wishListTest" time="13.402" classname="com.mindtree.runner.TC_4"/>
  <system-out/>
</testsuite> <!-- com.mindtree.runner.TC_4 -->
