<?xml version="1.0" encoding="UTF-8"?>
<!-- Generated by org.testng.reporters.JUnitReportReporter -->
<testsuite skipped="0" hostname="mindc1d221" name="com.mindtree.runner.TC_filters_036" tests="1" failures="0" timestamp="2022-05-23T18:43:13 IST" time="9.153" errors="0">
  <testcase name="validateCategory" time="9.153" classname="com.mindtree.runner.TC_filters_036"/>
  <system-out/>
</testsuite> <!-- com.mindtree.runner.TC_filters_036 -->
