<?xml version="1.0" encoding="UTF-8"?>
<!-- Generated by org.testng.reporters.JUnitReportReporter -->
<testsuite skipped="0" hostname="mindc1d221" name="com.mindtree.runner.TC_004" tests="1" failures="0" timestamp="2022-05-20T19:34:44 IST" time="11.003" errors="0">
  <testcase name="signupcheck" time="11.003" classname="com.mindtree.runner.TC_004"/>
  <system-out/>
</testsuite> <!-- com.mindtree.runner.TC_004 -->
