<?xml version="1.0" encoding="UTF-8"?>
<!-- Generated by org.testng.reporters.JUnitReportReporter -->
<testsuite skipped="0" hostname="mindc1d221" name="com.mindtree.runner.TC_wishlist_027" tests="1" failures="0" timestamp="2022-05-23T15:13:06 IST" time="12.293" errors="0">
  <testcase name="wishListTest" time="12.293" classname="com.mindtree.runner.TC_wishlist_027"/>
  <system-out/>
</testsuite> <!-- com.mindtree.runner.TC_wishlist_027 -->
