<?xml version="1.0" encoding="UTF-8"?>
<!-- Generated by org.testng.reporters.JUnitReportReporter -->
<testsuite skipped="0" hostname="mindc1d221" name="com.mindtree.runner.TC_logout_013" tests="1" failures="0" timestamp="2022-05-23T15:13:06 IST" time="11.584" errors="0">
  <testcase name="checkLogoutFunction" time="11.584" classname="com.mindtree.runner.TC_logout_013"/>
  <system-out/>
</testsuite> <!-- com.mindtree.runner.TC_logout_013 -->
