<?xml version="1.0" encoding="UTF-8"?>
<!-- Generated by org.testng.reporters.JUnitReportReporter -->
<testsuite skipped="0" hostname="mindc1d221" name="excelPackage.ExcelClass" tests="1" failures="0" timestamp="2022-05-19T16:34:07 IST" time="0.860" errors="0">
  <testcase name="readExcel" time="0.860" classname="excelPackage.ExcelClass"/>
  <system-out/>
</testsuite> <!-- excelPackage.ExcelClass -->
