<?xml version="1.0" encoding="UTF-8"?>
<!-- Generated by org.testng.reporters.JUnitReportReporter -->
<testsuite skipped="0" hostname="mindc1d221" name="com.mindtree.runner.TC_filters_035" tests="1" failures="0" timestamp="2022-05-22T07:43:59 IST" time="6.036" errors="0">
  <testcase name="validatePrice" time="6.036" classname="com.mindtree.runner.TC_filters_035"/>
  <system-out/>
</testsuite> <!-- com.mindtree.runner.TC_filters_035 -->
