<?xml version="1.0" encoding="UTF-8"?>
<!-- Generated by org.testng.reporters.JUnitReportReporter -->
<testsuite skipped="0" hostname="mindc1d221" name="com.mindtree.runner.TC_001" tests="1" failures="0" timestamp="2022-05-20T16:25:03 IST" time="4.304" errors="0">
  <testcase name="checkSignup" time="4.304" classname="com.mindtree.runner.TC_001"/>
  <system-out/>
</testsuite> <!-- com.mindtree.runner.TC_001 -->
