<?xml version="1.0" encoding="UTF-8"?>
<!-- Generated by org.testng.reporters.JUnitReportReporter -->
<testsuite hostname="mindc1d221" failures="0" tests="1" name="comprehensiveHybrid.Log4j" time="0.018" errors="0" timestamp="2022-05-16T16:58:39 IST" skipped="0">
  <testcase classname="comprehensiveHybrid.Log4j" name="test" time="0.018"/>
  <system-out/>
</testsuite> <!-- comprehensiveHybrid.Log4j -->
